<?xml version="1.0" encoding="UTF-8"?>
<!-- Generated by org.testng.reporters.JUnitReportReporter -->
<testsuite hostname="Harish" failures="0" tests="1" name="non_bdd_style.A7_getAllEmployessBDD" time="1.210" errors="0" timestamp="2025-08-18T21:04:32 IST" skipped="0">
  <testcase classname="non_bdd_style.A7_getAllEmployessBDD" name="getEmployeesBDD" time="1.210"/>
</testsuite> <!-- non_bdd_style.A7_getAllEmployessBDD -->
