<?xml version="1.0" encoding="UTF-8"?>
<!-- Generated by org.testng.reporters.JUnitReportReporter -->
<testsuite hostname="Harish" failures="0" tests="2" name="C07_RequestSpecification.RequestSpecificationExample" time="0.874" errors="0" timestamp="2025-09-24T19:53:51 IST" skipped="0">
  <testcase classname="C07_RequestSpecification.RequestSpecificationExample" name="getEmployeeBDD_one" time="0.852"/>
  <testcase classname="C07_RequestSpecification.RequestSpecificationExample" name="getEmployeesBDD" time="0.022"/>
</testsuite> <!-- C07_RequestSpecification.RequestSpecificationExample -->
