<?xml version="1.0" encoding="UTF-8"?>
<!-- Generated by org.testng.reporters.JUnitReportReporter -->
<testsuite hostname="Harish" failures="0" tests="1" name="A2_JSONSCHEMA.RestAssuredJsonSchemaValidation" time="1.849" errors="0" timestamp="2025-08-26T00:18:05 IST" skipped="0">
  <testcase classname="A2_JSONSCHEMA.RestAssuredJsonSchemaValidation" name="ValidationUsingJsonSchemaInClassPath" time="1.849"/>
</testsuite> <!-- A2_JSONSCHEMA.RestAssuredJsonSchemaValidation -->
