<?xml version="1.0" encoding="UTF-8"?>
<!-- Generated by org.testng.reporters.JUnitReportReporter -->
<testsuite hostname="Harish" failures="0" tests="1" name="non_bdd_style.CreateAnEmployee" time="1.265" errors="0" timestamp="2025-08-16T11:18:17 IST" skipped="0">
  <testcase classname="non_bdd_style.CreateAnEmployee" name="createEmployee" time="1.265"/>
</testsuite> <!-- non_bdd_style.CreateAnEmployee -->
