<?xml version="1.0" encoding="UTF-8"?>
<!-- Generated by org.testng.reporters.JUnitReportReporter -->
<testsuite hostname="Harish" failures="0" tests="1" name="A2_JSONSCHEMA.Hamcrest" time="0.454" errors="0" timestamp="2025-08-28T21:04:06 IST" skipped="0">
  <testcase classname="A2_JSONSCHEMA.Hamcrest" name="hamcrestExample" time="0.454"/>
</testsuite> <!-- A2_JSONSCHEMA.Hamcrest -->
