<?xml version="1.0" encoding="UTF-8"?>
<!-- Generated by org.testng.reporters.JUnitReportReporter -->
<testsuite hostname="Harish" failures="0" tests="1" name="non_bdd_style.B3_Serilization" time="0.009" errors="0" timestamp="2025-08-23T11:45:25 IST" skipped="0">
  <testcase classname="non_bdd_style.B3_Serilization" name="serilization" time="0.009"/>
</testsuite> <!-- non_bdd_style.B3_Serilization -->
