<?xml version="1.0" encoding="UTF-8"?>
<!-- Generated by org.testng.reporters.JUnitReportReporter -->
<testsuite hostname="Harish" failures="0" tests="1" name="A2_JSONSCHEMA.NetworkNT" time="0.313" errors="0" timestamp="2025-08-28T20:47:52 IST" skipped="0">
  <testcase classname="A2_JSONSCHEMA.NetworkNT" name="usingnetworkNT" time="0.313"/>
</testsuite> <!-- A2_JSONSCHEMA.NetworkNT -->
