<?xml version="1.0" encoding="UTF-8"?>
<!-- Generated by org.testng.reporters.JUnitReportReporter -->
<testsuite hostname="Harish" failures="0" tests="1" name="non_bdd_style.A3_UpdateEmployee" time="1.417" errors="0" timestamp="2025-08-16T11:38:10 IST" skipped="0">
  <testcase classname="non_bdd_style.A3_UpdateEmployee" name="updateAnEmployee" time="1.417"/>
</testsuite> <!-- non_bdd_style.A3_UpdateEmployee -->
