<?xml version="1.0" encoding="UTF-8"?>
<!-- Generated by org.testng.reporters.JUnitReportReporter -->
<testsuite hostname="Harish" failures="0" tests="2" name="non_bdd_style.A9_PutAndDeleteBDD" time="1.378" errors="0" timestamp="2025-08-19T19:52:49 IST" skipped="1">
  <testcase classname="non_bdd_style.A9_PutAndDeleteBDD" name="deleteBddstyle" time="1.378"/>
  <testcase classname="non_bdd_style.A9_PutAndDeleteBDD" name="putBddStyle">
    <skipped/>
  </testcase> <!-- putBddStyle -->
</testsuite> <!-- non_bdd_style.A9_PutAndDeleteBDD -->
