<?xml version="1.0" encoding="UTF-8"?>
<!-- Generated by org.testng.reporters.JUnitReportReporter -->
<testsuite hostname="Harish" failures="0" tests="1" name="non_bdd_style.A4_DeleteEmployee" time="1.690" errors="0" timestamp="2025-08-17T12:47:07 IST" skipped="0">
  <testcase classname="non_bdd_style.A4_DeleteEmployee" name="deleteAnEmployee" time="1.690"/>
</testsuite> <!-- non_bdd_style.A4_DeleteEmployee -->
