<?xml version="1.0" encoding="UTF-8"?>
<!-- Generated by org.testng.reporters.JUnitReportReporter -->
<testsuite hostname="Harish" failures="0" tests="2" name="C08_Auth.APIKeyAuth" time="1.243" errors="0" timestamp="2025-10-01T14:31:14 IST" skipped="1">
  <testcase classname="C08_Auth.APIKeyAuth" name="apiKeyAuthUsingParams" time="1.243"/>
  <testcase classname="C08_Auth.APIKeyAuth" name="apiKeyAuth">
    <skipped/>
  </testcase> <!-- apiKeyAuth -->
</testsuite> <!-- C08_Auth.APIKeyAuth -->
