<?xml version="1.0" encoding="UTF-8"?>
<!-- Generated by org.testng.reporters.JUnitReportReporter -->
<testsuite hostname="Harish" failures="0" tests="1" name="non_bdd_style.A8_postAllEmployees" time="1.187" errors="0" timestamp="2025-08-18T21:06:28 IST" skipped="0">
  <testcase classname="non_bdd_style.A8_postAllEmployees" name="postAllEmployeesBDD" time="1.187"/>
</testsuite> <!-- non_bdd_style.A8_postAllEmployees -->
