<?xml version="1.0" encoding="UTF-8"?>
<!-- Generated by org.testng.reporters.JUnitReportReporter -->
<testsuite hostname="Harish" failures="0" tests="1" name="non_bdd_style.A1_getAllEmployees" time="1.406" errors="0" timestamp="2025-09-12T11:47:38 IST" skipped="0">
  <testcase classname="non_bdd_style.A1_getAllEmployees" name="getAllEmployees" time="1.406"/>
</testsuite> <!-- non_bdd_style.A1_getAllEmployees -->
