<?xml version="1.0" encoding="UTF-8"?>
<!-- Generated by org.testng.reporters.JUnitReportReporter -->
<testsuite hostname="Harish" failures="0" tests="1" name="non_bdd_style.B1_ReadingJSON" time="1.282" errors="0" timestamp="2025-08-26T00:08:58 IST" skipped="0">
  <testcase classname="non_bdd_style.B1_ReadingJSON" name="readFile" time="1.282"/>
</testsuite> <!-- non_bdd_style.B1_ReadingJSON -->
