<?xml version="1.0" encoding="UTF-8"?>
<!-- Generated by org.testng.reporters.JUnitReportReporter -->
<testsuite hostname="Harish" failures="0" tests="1" name="A2_JSONSCHEMA.MatchesJsonSchema" time="1.856" errors="0" timestamp="2025-08-28T20:26:05 IST" skipped="0">
  <testcase classname="A2_JSONSCHEMA.MatchesJsonSchema" name="testMatchesJsonSchema" time="1.856"/>
</testsuite> <!-- A2_JSONSCHEMA.MatchesJsonSchema -->
