<?xml version="1.0" encoding="UTF-8"?>
<!-- Generated by org.testng.reporters.JUnitReportReporter -->
<testsuite hostname="Harish" failures="0" tests="1" name="non_bdd_style.B4_JsonSimpleDependency" time="1.893" errors="0" timestamp="2025-08-23T11:59:53 IST" skipped="0">
  <testcase classname="non_bdd_style.B4_JsonSimpleDependency" name="serilization" time="1.893"/>
</testsuite> <!-- non_bdd_style.B4_JsonSimpleDependency -->
