<?xml version="1.0" encoding="UTF-8"?>
<!-- Generated by org.testng.reporters.JUnitReportReporter -->
<testsuite hostname="Harish" failures="0" tests="1" name="A2_JSONSCHEMA.RestAssuredJsonSchemaValidation" time="2.033" errors="0" timestamp="2025-08-28T20:47:46 IST" skipped="0">
  <testcase classname="A2_JSONSCHEMA.RestAssuredJsonSchemaValidation" name="ValidationUsingJsonSchemaInClassPath" time="2.033"/>
</testsuite> <!-- A2_JSONSCHEMA.RestAssuredJsonSchemaValidation -->
